<?xml version="1.0" encoding="UTF-8"?>
<!-- Generated by org.testng.reporters.JUnitReportReporter -->
<testsuite hostname="Nabils-MBP.attlocal.net" failures="0" tests="2" name="variousConcepts.CrmTest" time="29.452" errors="0" timestamp="2024-01-14T22:01:27 CST" skipped="0">
  <testcase classname="variousConcepts.CrmTest" name="lognTest" time="21.095"/>
  <system-out/>
  <testcase classname="variousConcepts.CrmTest" name="testAlertLoginPage" time="8.357"/>
  <system-out/>
</testsuite> <!-- variousConcepts.CrmTest -->
